2024-05-23 10:32:37,551 INFO  [org.jboss.modules] (main) JBoss Modules version 2.0.2.Final
2024-05-23 10:32:40,059 INFO  [org.jboss.msc] (main) JBoss MSC version 1.4.13.Final
2024-05-23 10:32:40,129 INFO  [org.jboss.threads] (main) JBoss Threads version 2.4.0.Final
2024-05-23 10:32:40,891 INFO  [org.jboss.as] (MSC service thread 1-1) WFLYSRV0049: WildFly Full 26.1.0.Final (WildFly Core 18.1.0.Final) starting
2024-05-23 10:32:40,893 DEBUG [org.jboss.as.config] (MSC service thread 1-1) Configured system properties:
	apple.awt.application.name = Main
	file.encoding = UTF-8
	file.separator = /
	ftp.nonProxyHosts = local|*.local|169.254/16|*.169.254/16
	http.nonProxyHosts = local|*.local|169.254/16|*.169.254/16
	java.awt.headless = true
	java.class.path = /Users/irenalermusiaux/Documents/Etude/ENSEEIHT/S8 M/Appli web/Projet_appliweb/Outils/wildfly-26.1.0.Final/jboss-modules.jar
	java.class.version = 65.0
	java.home = /usr/local/Cellar/openjdk/21.0.2/libexec/openjdk.jdk/Contents/Home
	java.io.tmpdir = /var/folders/3p/l56yrcsj0897tl0lg53xrwdw0000gn/T/
	java.library.path = /Users/irenalermusiaux/Library/Java/Extensions:/Library/Java/Extensions:/Network/Library/Java/Extensions:/System/Library/Java/Extensions:/usr/lib/java:.
	java.net.preferIPv4Stack = true
	java.runtime.name = OpenJDK Runtime Environment
	java.runtime.version = 21.0.2
	java.specification.name = Java Platform API Specification
	java.specification.vendor = Oracle Corporation
	java.specification.version = 21
	java.util.logging.manager = org.jboss.logmanager.LogManager
	java.vendor = Homebrew
	java.vendor.url = https://github.com/Homebrew/homebrew-core/issues
	java.vendor.url.bug = https://github.com/Homebrew/homebrew-core/issues
	java.vendor.version = Homebrew
	java.version = 21.0.2
	java.version.date = 2024-01-16
	java.vm.compressedOopsMode = Zero based
	java.vm.info = mixed mode, sharing
	java.vm.name = OpenJDK 64-Bit Server VM
	java.vm.specification.name = Java Virtual Machine Specification
	java.vm.specification.vendor = Oracle Corporation
	java.vm.specification.version = 21
	java.vm.vendor = Homebrew
	java.vm.version = 21.0.2
	javax.management.builder.initial = org.jboss.as.jmx.PluggableMBeanServerBuilder
	jboss.bind.address = localhost
	jboss.bind.address.management = localhost
	jboss.home.dir = /Users/irenalermusiaux/Documents/Etude/ENSEEIHT/S8 M/Appli web/Projet_appliweb/Outils/wildfly-26.1.0.Final
	jboss.host.name = macbook-air-de-n
	jboss.http.port = 8080
	jboss.modules.dir = /Users/irenalermusiaux/Documents/Etude/ENSEEIHT/S8 M/Appli web/Projet_appliweb/Outils/wildfly-26.1.0.Final/modules
	jboss.modules.system.pkgs = org.jboss.byteman
	jboss.node.name = macbook-air-de-n
	jboss.qualified.host.name = macbook-air-de-n.local
	jboss.server.base.dir = /Users/irenalermusiaux/Documents/Etude/ENSEEIHT/S8 M/Appli web/Projet_appliweb/Outils/wildfly-26.1.0.Final/standalone
	jboss.server.config.dir = /Users/irenalermusiaux/Documents/Etude/ENSEEIHT/S8 M/Appli web/Projet_appliweb/Outils/wildfly-26.1.0.Final/standalone/configuration
	jboss.server.data.dir = /Users/irenalermusiaux/Documents/Etude/ENSEEIHT/S8 M/Appli web/Projet_appliweb/Outils/wildfly-26.1.0.Final/standalone/data
	jboss.server.deploy.dir = /Users/irenalermusiaux/Documents/Etude/ENSEEIHT/S8 M/Appli web/Projet_appliweb/Outils/wildfly-26.1.0.Final/standalone/data/content
	jboss.server.log.dir = /Users/irenalermusiaux/Documents/Etude/ENSEEIHT/S8 M/Appli web/Projet_appliweb/Outils/wildfly-26.1.0.Final/standalone/log
	jboss.server.name = macbook-air-de-n
	jboss.server.persist.config = true
	jboss.server.temp.dir = /Users/irenalermusiaux/Documents/Etude/ENSEEIHT/S8 M/Appli web/Projet_appliweb/Outils/wildfly-26.1.0.Final/standalone/tmp
	jdk.debug = release
	line.separator = 

	logging.configuration = file:/Users/irenalermusiaux/Documents/Etude/ENSEEIHT/S8 M/Appli web/Projet_appliweb/Outils/wildfly-26.1.0.Final/standalone/configuration/logging.properties
	module.path = /Users/irenalermusiaux/Documents/Etude/ENSEEIHT/S8 M/Appli web/Projet_appliweb/Outils/wildfly-26.1.0.Final/modules
	native.encoding = UTF-8
	org.jboss.boot.log.file = /Users/irenalermusiaux/Documents/Etude/ENSEEIHT/S8 M/Appli web/Projet_appliweb/Outils/wildfly-26.1.0.Final/standalone/log/boot.log
	org.jboss.logmanager.nocolor = true
	org.jboss.resolver.warning = true
	os.arch = x86_64
	os.name = Mac OS X
	os.version = 12.6.3
	path.separator = :
	program.name = rsp:WildFly 24+
	socksNonProxyHosts = local|*.local|169.254/16|*.169.254/16
	stderr.encoding = UTF-8
	stdout.encoding = UTF-8
	sun.arch.data.model = 64
	sun.boot.library.path = /usr/local/Cellar/openjdk/21.0.2/libexec/openjdk.jdk/Contents/Home/lib
	sun.cpu.endian = little
	sun.io.unicode.encoding = UnicodeBig
	sun.java.command = org.jboss.modules.Main -mp /Users/irenalermusiaux/Documents/Etude/ENSEEIHT/S8 M/Appli web/Projet_appliweb/Outils/wildfly-26.1.0.Final/modules org.jboss.as.standalone -b localhost --server-config=standalone.xml
	sun.java.launcher = SUN_STANDARD
	sun.jnu.encoding = UTF-8
	sun.management.compiler = HotSpot 64-Bit Tiered Compilers
	sun.rmi.dgc.client.gcInterval = 3600000
	sun.rmi.dgc.server.gcInterval = 3600000
	user.country = FR
	user.dir = /Users/irenalermusiaux/Documents/Etude/ENSEEIHT/S8 M/Appli web/Projet_appliweb/Outils/wildfly-26.1.0.Final/bin
	user.home = /Users/irenalermusiaux
	user.language = fr
	user.name = irenalermusiaux
	user.timezone = Europe/Paris
2024-05-23 10:32:40,899 DEBUG [org.jboss.as.config] (MSC service thread 1-1) VM Arguments: -Dprogram.name=rsp:WildFly 24+ -Xms64m -Xmx512m -Dorg.jboss.resolver.warning=true -Djava.net.preferIPv4Stack=true -Dsun.rmi.dgc.client.gcInterval=3600000 -Dsun.rmi.dgc.server.gcInterval=3600000 -Djboss.modules.system.pkgs=org.jboss.byteman -Djava.awt.headless=true -Dorg.jboss.boot.log.file=/Users/irenalermusiaux/Documents/Etude/ENSEEIHT/S8 M/Appli web/Projet_appliweb/Outils/wildfly-26.1.0.Final/standalone/log/boot.log -Dlogging.configuration=file:/Users/irenalermusiaux/Documents/Etude/ENSEEIHT/S8 M/Appli web/Projet_appliweb/Outils/wildfly-26.1.0.Final/standalone/configuration/logging.properties -Djboss.home.dir=/Users/irenalermusiaux/Documents/Etude/ENSEEIHT/S8 M/Appli web/Projet_appliweb/Outils/wildfly-26.1.0.Final -Djboss.server.base.dir=/Users/irenalermusiaux/Documents/Etude/ENSEEIHT/S8 M/Appli web/Projet_appliweb/Outils/wildfly-26.1.0.Final/standalone -Dorg.jboss.logmanager.nocolor=true -Djboss.bind.address.management=localhost --add-exports=java.desktop/sun.awt=ALL-UNNAMED --add-exports=java.naming/com.sun.jndi.ldap=ALL-UNNAMED --add-exports=java.naming/com.sun.jndi.url.ldap=ALL-UNNAMED --add-exports=java.naming/com.sun.jndi.url.ldaps=ALL-UNNAMED --add-exports=jdk.naming.dns/com.sun.jndi.dns=ALL-UNNAMED --add-opens=java.base/java.lang=ALL-UNNAMED --add-opens=java.base/java.lang.invoke=ALL-UNNAMED --add-opens=java.base/java.lang.reflect=ALL-UNNAMED --add-opens=java.base/java.io=ALL-UNNAMED --add-opens=java.base/java.net=ALL-UNNAMED --add-opens=java.base/java.security=ALL-UNNAMED --add-opens=java.base/java.util=ALL-UNNAMED --add-opens=java.base/java.util.concurrent=ALL-UNNAMED --add-opens=java.management/javax.management=ALL-UNNAMED --add-opens=java.naming/javax.naming=ALL-UNNAMED -Djboss.http.port=8080 
2024-05-23 10:32:44,167 INFO  [org.wildfly.security] (ServerService Thread Pool -- 24) ELY00001: WildFly Elytron version 1.19.0.Final
2024-05-23 10:32:46,000 INFO  [org.jboss.as.server.deployment.scanner] (DeploymentScanner-threads - 1) WFLYDS0015: Re-attempting failed deployment sondage.war
2024-05-23 10:32:46,178 INFO  [org.jboss.as.server] (Controller Boot Thread) WFLYSRV0039: Creating http management service using socket-binding (management-http)
2024-05-23 10:32:46,264 INFO  [org.xnio] (MSC service thread 1-3) XNIO version 3.8.6.Final
2024-05-23 10:32:46,303 INFO  [org.xnio.nio] (MSC service thread 1-3) XNIO NIO Implementation Version 3.8.6.Final
2024-05-23 10:32:46,416 INFO  [org.wildfly.extension.elytron.oidc._private] (ServerService Thread Pool -- 52) WFLYOIDC0001: Activating WildFly Elytron OIDC Subsystem
2024-05-23 10:32:46,420 INFO  [org.wildfly.extension.health] (ServerService Thread Pool -- 53) WFLYHEALTH0001: Activating Base Health Subsystem
2024-05-23 10:32:46,423 INFO  [org.jboss.as.jaxrs] (ServerService Thread Pool -- 56) WFLYRS0016: RESTEasy version 4.7.4.Final
2024-05-23 10:32:46,424 INFO  [org.jboss.as.clustering.infinispan] (ServerService Thread Pool -- 54) WFLYCLINF0001: Activating Infinispan subsystem.
2024-05-23 10:32:46,452 INFO  [org.jboss.as.naming] (ServerService Thread Pool -- 67) WFLYNAM0001: Activating Naming Subsystem
2024-05-23 10:32:46,461 INFO  [org.wildfly.extension.microprofile.config.smallrye] (ServerService Thread Pool -- 64) WFLYCONF0001: Activating MicroProfile Config Subsystem
2024-05-23 10:32:46,484 WARN  [org.jboss.as.txn] (ServerService Thread Pool -- 74) WFLYTX0013: The node-identifier attribute on the /subsystem=transactions is set to the default value. This is a danger for environments running multiple servers. Please make sure the attribute value is unique.
2024-05-23 10:32:46,506 INFO  [org.wildfly.extension.io] (ServerService Thread Pool -- 55) WFLYIO001: Worker 'default' has auto-configured to 8 IO threads with 64 max task threads based on your 4 available processors
2024-05-23 10:32:46,511 INFO  [org.wildfly.extension.microprofile.opentracing] (ServerService Thread Pool -- 66) WFLYTRACEXT0001: Activating MicroProfile OpenTracing Subsystem
2024-05-23 10:32:46,556 INFO  [org.jboss.as.jsf] (ServerService Thread Pool -- 61) WFLYJSF0007: Activated the following Jakarta Server Faces Implementations: [main]
2024-05-23 10:32:46,566 INFO  [org.wildfly.extension.microprofile.jwt.smallrye] (ServerService Thread Pool -- 65) WFLYJWT0001: Activating MicroProfile JWT Subsystem
2024-05-23 10:32:46,607 INFO  [org.wildfly.extension.metrics] (ServerService Thread Pool -- 63) WFLYMETRICS0001: Activating Base Metrics Subsystem
2024-05-23 10:32:46,652 INFO  [org.jboss.as.webservices] (ServerService Thread Pool -- 76) WFLYWS0002: Activating WebServices Extension
2024-05-23 10:32:46,695 INFO  [org.jboss.as.connector] (MSC service thread 1-8) WFLYJCA0009: Starting Jakarta Connectors Subsystem (WildFly/IronJacamar 1.5.3.Final)
2024-05-23 10:32:46,814 INFO  [org.jboss.as.naming] (MSC service thread 1-1) WFLYNAM0003: Starting Naming Service
2024-05-23 10:32:46,815 INFO  [org.jboss.as.mail.extension] (MSC service thread 1-5) WFLYMAIL0001: Bound mail session [java:jboss/mail/Default]
2024-05-23 10:32:46,965 INFO  [org.jboss.as.connector.subsystems.datasources] (ServerService Thread Pool -- 44) WFLYJCA0004: Deploying JDBC-compliant driver class org.h2.Driver (version 1.4)
2024-05-23 10:32:46,973 INFO  [org.jboss.as.connector.deployers.jdbc] (MSC service thread 1-1) WFLYJCA0018: Started Driver service with driver-name = h2
2024-05-23 10:32:46,983 INFO  [org.jboss.remoting] (MSC service thread 1-4) JBoss Remoting version 5.0.24.Final
2024-05-23 10:32:47,156 INFO  [org.wildfly.extension.undertow] (MSC service thread 1-5) WFLYUT0003: Undertow 2.2.16.Final starting
2024-05-23 10:32:47,342 INFO  [org.wildfly.extension.undertow] (ServerService Thread Pool -- 75) WFLYUT0014: Creating file handler for path '/Users/irenalermusiaux/Documents/Etude/ENSEEIHT/S8 M/Appli web/Projet_appliweb/Outils/wildfly-26.1.0.Final/welcome-content' with options [directory-listing: 'false', follow-symlink: 'false', case-sensitive: 'true', safe-symlink-paths: '[]']
2024-05-23 10:32:47,412 INFO  [org.wildfly.extension.undertow] (MSC service thread 1-4) WFLYUT0012: Started server default-server.
2024-05-23 10:32:47,413 INFO  [org.wildfly.extension.undertow] (MSC service thread 1-1) Queuing requests.
2024-05-23 10:32:47,415 INFO  [org.wildfly.extension.undertow] (MSC service thread 1-1) WFLYUT0018: Host default-host starting
2024-05-23 10:32:47,422 INFO  [org.jboss.as.ejb3] (MSC service thread 1-8) WFLYEJB0482: Strict pool mdb-strict-max-pool is using a max instance size of 16 (per class), which is derived from the number of CPUs on this host.
2024-05-23 10:32:47,422 INFO  [org.jboss.as.ejb3] (MSC service thread 1-5) WFLYEJB0481: Strict pool slsb-strict-max-pool is using a max instance size of 64 (per class), which is derived from thread worker pool sizing.
2024-05-23 10:32:47,676 INFO  [org.wildfly.extension.undertow] (MSC service thread 1-4) WFLYUT0006: Undertow HTTP listener default listening on 127.0.0.1:8080
2024-05-23 10:32:47,703 INFO  [org.jboss.as.ejb3] (MSC service thread 1-6) WFLYEJB0493: Jakarta Enterprise Beans subsystem suspension complete
2024-05-23 10:32:47,926 INFO  [org.jboss.as.connector.subsystems.datasources] (MSC service thread 1-4) WFLYJCA0001: Bound data source [java:jboss/datasources/ExampleDS]
2024-05-23 10:32:47,994 INFO  [org.wildfly.extension.undertow] (MSC service thread 1-4) WFLYUT0006: Undertow HTTPS listener https listening on 127.0.0.1:8443
2024-05-23 10:32:48,464 INFO  [org.jboss.as.patching] (MSC service thread 1-7) WFLYPAT0050: WildFly Full cumulative patch ID is: base, one-off patches include: none
