2024-05-14 18:22:55,017 INFO  [org.jboss.modules] (main) JBoss Modules version 2.0.2.Final
2024-05-14 18:22:57,157 INFO  [org.jboss.msc] (main) JBoss MSC version 1.4.13.Final
2024-05-14 18:22:57,210 INFO  [org.jboss.threads] (main) JBoss Threads version 2.4.0.Final
2024-05-14 18:22:57,927 INFO  [org.jboss.as] (MSC service thread 1-2) WFLYSRV0049: WildFly Full 26.1.0.Final (WildFly Core 18.1.0.Final) starting
2024-05-14 18:22:57,930 DEBUG [org.jboss.as.config] (MSC service thread 1-2) Configured system properties:
	apple.awt.application.name = Main
	file.encoding = UTF-8
	file.separator = /
	ftp.nonProxyHosts = local|*.local|169.254/16|*.169.254/16
	http.nonProxyHosts = local|*.local|169.254/16|*.169.254/16
	java.awt.headless = true
	java.class.path = /Users/irenalermusiaux/Documents/Etude/ENSEEIHT/S8 M/Appli web/Projet_appliweb/Outils/wildfly-26.1.0.Final/jboss-modules.jar
	java.class.version = 65.0
	java.home = /usr/local/Cellar/openjdk/21.0.2/libexec/openjdk.jdk/Contents/Home
	java.io.tmpdir = /var/folders/3p/l56yrcsj0897tl0lg53xrwdw0000gn/T/
	java.library.path = /Users/irenalermusiaux/Library/Java/Extensions:/Library/Java/Extensions:/Network/Library/Java/Extensions:/System/Library/Java/Extensions:/usr/lib/java:.
	java.net.preferIPv4Stack = true
	java.runtime.name = OpenJDK Runtime Environment
	java.runtime.version = 21.0.2
	java.specification.name = Java Platform API Specification
	java.specification.vendor = Oracle Corporation
	java.specification.version = 21
	java.util.logging.manager = org.jboss.logmanager.LogManager
	java.vendor = Homebrew
	java.vendor.url = https://github.com/Homebrew/homebrew-core/issues
	java.vendor.url.bug = https://github.com/Homebrew/homebrew-core/issues
	java.vendor.version = Homebrew
	java.version = 21.0.2
	java.version.date = 2024-01-16
	java.vm.compressedOopsMode = Zero based
	java.vm.info = mixed mode, sharing
	java.vm.name = OpenJDK 64-Bit Server VM
	java.vm.specification.name = Java Virtual Machine Specification
	java.vm.specification.vendor = Oracle Corporation
	java.vm.specification.version = 21
	java.vm.vendor = Homebrew
	java.vm.version = 21.0.2
	javax.management.builder.initial = org.jboss.as.jmx.PluggableMBeanServerBuilder
	jboss.bind.address = localhost
	jboss.bind.address.management = localhost
	jboss.home.dir = /Users/irenalermusiaux/Documents/Etude/ENSEEIHT/S8 M/Appli web/Projet_appliweb/Outils/wildfly-26.1.0.Final
	jboss.host.name = macbook-air-de-n
	jboss.http.port = 8080
	jboss.modules.dir = /Users/irenalermusiaux/Documents/Etude/ENSEEIHT/S8 M/Appli web/Projet_appliweb/Outils/wildfly-26.1.0.Final/modules
	jboss.modules.system.pkgs = org.jboss.byteman
	jboss.node.name = macbook-air-de-n
	jboss.qualified.host.name = macbook-air-de-n.local
	jboss.server.base.dir = /Users/irenalermusiaux/Documents/Etude/ENSEEIHT/S8 M/Appli web/Projet_appliweb/Outils/wildfly-26.1.0.Final/standalone
	jboss.server.config.dir = /Users/irenalermusiaux/Documents/Etude/ENSEEIHT/S8 M/Appli web/Projet_appliweb/Outils/wildfly-26.1.0.Final/standalone/configuration
	jboss.server.data.dir = /Users/irenalermusiaux/Documents/Etude/ENSEEIHT/S8 M/Appli web/Projet_appliweb/Outils/wildfly-26.1.0.Final/standalone/data
	jboss.server.deploy.dir = /Users/irenalermusiaux/Documents/Etude/ENSEEIHT/S8 M/Appli web/Projet_appliweb/Outils/wildfly-26.1.0.Final/standalone/data/content
	jboss.server.log.dir = /Users/irenalermusiaux/Documents/Etude/ENSEEIHT/S8 M/Appli web/Projet_appliweb/Outils/wildfly-26.1.0.Final/standalone/log
	jboss.server.name = macbook-air-de-n
	jboss.server.persist.config = true
	jboss.server.temp.dir = /Users/irenalermusiaux/Documents/Etude/ENSEEIHT/S8 M/Appli web/Projet_appliweb/Outils/wildfly-26.1.0.Final/standalone/tmp
	jdk.debug = release
	line.separator = 

	logging.configuration = file:/Users/irenalermusiaux/Documents/Etude/ENSEEIHT/S8 M/Appli web/Projet_appliweb/Outils/wildfly-26.1.0.Final/standalone/configuration/logging.properties
	module.path = /Users/irenalermusiaux/Documents/Etude/ENSEEIHT/S8 M/Appli web/Projet_appliweb/Outils/wildfly-26.1.0.Final/modules
	native.encoding = UTF-8
	org.jboss.boot.log.file = /Users/irenalermusiaux/Documents/Etude/ENSEEIHT/S8 M/Appli web/Projet_appliweb/Outils/wildfly-26.1.0.Final/standalone/log/boot.log
	org.jboss.logmanager.nocolor = true
	org.jboss.resolver.warning = true
	os.arch = x86_64
	os.name = Mac OS X
	os.version = 12.6.3
	path.separator = :
	program.name = rsp:WildFly 24+
	socksNonProxyHosts = local|*.local|169.254/16|*.169.254/16
	stderr.encoding = UTF-8
	stdout.encoding = UTF-8
	sun.arch.data.model = 64
	sun.boot.library.path = /usr/local/Cellar/openjdk/21.0.2/libexec/openjdk.jdk/Contents/Home/lib
	sun.cpu.endian = little
	sun.io.unicode.encoding = UnicodeBig
	sun.java.command = org.jboss.modules.Main -mp /Users/irenalermusiaux/Documents/Etude/ENSEEIHT/S8 M/Appli web/Projet_appliweb/Outils/wildfly-26.1.0.Final/modules org.jboss.as.standalone -b localhost --server-config=standalone.xml
	sun.java.launcher = SUN_STANDARD
	sun.jnu.encoding = UTF-8
	sun.management.compiler = HotSpot 64-Bit Tiered Compilers
	sun.rmi.dgc.client.gcInterval = 3600000
	sun.rmi.dgc.server.gcInterval = 3600000
	user.country = FR
	user.dir = /Users/irenalermusiaux/Documents/Etude/ENSEEIHT/S8 M/Appli web/Projet_appliweb/Outils/wildfly-26.1.0.Final/bin
	user.home = /Users/irenalermusiaux
	user.language = fr
	user.name = irenalermusiaux
	user.timezone = Europe/Paris
2024-05-14 18:22:57,936 DEBUG [org.jboss.as.config] (MSC service thread 1-2) VM Arguments: -Dprogram.name=rsp:WildFly 24+ -Xms64m -Xmx512m -Dorg.jboss.resolver.warning=true -Djava.net.preferIPv4Stack=true -Dsun.rmi.dgc.client.gcInterval=3600000 -Dsun.rmi.dgc.server.gcInterval=3600000 -Djboss.modules.system.pkgs=org.jboss.byteman -Djava.awt.headless=true -Dorg.jboss.boot.log.file=/Users/irenalermusiaux/Documents/Etude/ENSEEIHT/S8 M/Appli web/Projet_appliweb/Outils/wildfly-26.1.0.Final/standalone/log/boot.log -Dlogging.configuration=file:/Users/irenalermusiaux/Documents/Etude/ENSEEIHT/S8 M/Appli web/Projet_appliweb/Outils/wildfly-26.1.0.Final/standalone/configuration/logging.properties -Djboss.home.dir=/Users/irenalermusiaux/Documents/Etude/ENSEEIHT/S8 M/Appli web/Projet_appliweb/Outils/wildfly-26.1.0.Final -Djboss.server.base.dir=/Users/irenalermusiaux/Documents/Etude/ENSEEIHT/S8 M/Appli web/Projet_appliweb/Outils/wildfly-26.1.0.Final/standalone -Dorg.jboss.logmanager.nocolor=true -Djboss.bind.address.management=localhost --add-exports=java.desktop/sun.awt=ALL-UNNAMED --add-exports=java.naming/com.sun.jndi.ldap=ALL-UNNAMED --add-exports=java.naming/com.sun.jndi.url.ldap=ALL-UNNAMED --add-exports=java.naming/com.sun.jndi.url.ldaps=ALL-UNNAMED --add-exports=jdk.naming.dns/com.sun.jndi.dns=ALL-UNNAMED --add-opens=java.base/java.lang=ALL-UNNAMED --add-opens=java.base/java.lang.invoke=ALL-UNNAMED --add-opens=java.base/java.lang.reflect=ALL-UNNAMED --add-opens=java.base/java.io=ALL-UNNAMED --add-opens=java.base/java.net=ALL-UNNAMED --add-opens=java.base/java.security=ALL-UNNAMED --add-opens=java.base/java.util=ALL-UNNAMED --add-opens=java.base/java.util.concurrent=ALL-UNNAMED --add-opens=java.management/javax.management=ALL-UNNAMED --add-opens=java.naming/javax.naming=ALL-UNNAMED -Djboss.http.port=8080 
2024-05-14 18:23:00,597 INFO  [org.wildfly.security] (ServerService Thread Pool -- 24) ELY00001: WildFly Elytron version 1.19.0.Final
2024-05-14 18:23:03,099 INFO  [org.jboss.as.server] (Controller Boot Thread) WFLYSRV0039: Creating http management service using socket-binding (management-http)
2024-05-14 18:23:03,186 INFO  [org.xnio] (MSC service thread 1-4) XNIO version 3.8.6.Final
2024-05-14 18:23:03,215 INFO  [org.xnio.nio] (MSC service thread 1-4) XNIO NIO Implementation Version 3.8.6.Final
2024-05-14 18:23:03,288 INFO  [org.wildfly.extension.elytron.oidc._private] (ServerService Thread Pool -- 52) WFLYOIDC0001: Activating WildFly Elytron OIDC Subsystem
2024-05-14 18:23:03,295 INFO  [org.wildfly.extension.health] (ServerService Thread Pool -- 53) WFLYHEALTH0001: Activating Base Health Subsystem
2024-05-14 18:23:03,337 INFO  [org.wildfly.extension.io] (ServerService Thread Pool -- 55) WFLYIO001: Worker 'default' has auto-configured to 8 IO threads with 64 max task threads based on your 4 available processors
2024-05-14 18:23:03,338 INFO  [org.jboss.as.jaxrs] (ServerService Thread Pool -- 56) WFLYRS0016: RESTEasy version 4.7.4.Final
2024-05-14 18:23:03,357 INFO  [org.jboss.as.clustering.infinispan] (ServerService Thread Pool -- 54) WFLYCLINF0001: Activating Infinispan subsystem.
2024-05-14 18:23:03,392 INFO  [org.wildfly.extension.microprofile.config.smallrye] (ServerService Thread Pool -- 64) WFLYCONF0001: Activating MicroProfile Config Subsystem
2024-05-14 18:23:03,395 INFO  [org.wildfly.extension.microprofile.jwt.smallrye] (ServerService Thread Pool -- 65) WFLYJWT0001: Activating MicroProfile JWT Subsystem
2024-05-14 18:23:03,398 WARN  [org.jboss.as.txn] (ServerService Thread Pool -- 74) WFLYTX0013: The node-identifier attribute on the /subsystem=transactions is set to the default value. This is a danger for environments running multiple servers. Please make sure the attribute value is unique.
2024-05-14 18:23:03,413 INFO  [org.jboss.as.naming] (ServerService Thread Pool -- 67) WFLYNAM0001: Activating Naming Subsystem
2024-05-14 18:23:03,447 INFO  [org.wildfly.extension.microprofile.opentracing] (ServerService Thread Pool -- 66) WFLYTRACEXT0001: Activating MicroProfile OpenTracing Subsystem
2024-05-14 18:23:03,474 INFO  [org.jboss.as.webservices] (ServerService Thread Pool -- 76) WFLYWS0002: Activating WebServices Extension
2024-05-14 18:23:03,494 INFO  [org.jboss.as.connector] (MSC service thread 1-7) WFLYJCA0009: Starting Jakarta Connectors Subsystem (WildFly/IronJacamar 1.5.3.Final)
2024-05-14 18:23:03,510 INFO  [org.jboss.as.jsf] (ServerService Thread Pool -- 61) WFLYJSF0007: Activated the following Jakarta Server Faces Implementations: [main]
2024-05-14 18:23:03,561 INFO  [org.wildfly.extension.metrics] (ServerService Thread Pool -- 63) WFLYMETRICS0001: Activating Base Metrics Subsystem
2024-05-14 18:23:03,739 INFO  [org.jboss.as.connector.subsystems.datasources] (ServerService Thread Pool -- 44) WFLYJCA0004: Deploying JDBC-compliant driver class org.h2.Driver (version 1.4)
2024-05-14 18:23:03,746 INFO  [org.jboss.as.naming] (MSC service thread 1-7) WFLYNAM0003: Starting Naming Service
2024-05-14 18:23:03,747 INFO  [org.jboss.as.mail.extension] (MSC service thread 1-7) WFLYMAIL0001: Bound mail session [java:jboss/mail/Default]
2024-05-14 18:23:03,868 INFO  [org.jboss.as.connector.deployers.jdbc] (MSC service thread 1-4) WFLYJCA0018: Started Driver service with driver-name = h2
2024-05-14 18:23:03,968 INFO  [org.jboss.remoting] (MSC service thread 1-1) JBoss Remoting version 5.0.24.Final
2024-05-14 18:23:04,067 INFO  [org.wildfly.extension.undertow] (MSC service thread 1-7) WFLYUT0003: Undertow 2.2.16.Final starting
2024-05-14 18:23:04,300 INFO  [org.jboss.as.ejb3] (MSC service thread 1-3) WFLYEJB0482: Strict pool mdb-strict-max-pool is using a max instance size of 16 (per class), which is derived from the number of CPUs on this host.
2024-05-14 18:23:04,300 INFO  [org.jboss.as.ejb3] (MSC service thread 1-4) WFLYEJB0481: Strict pool slsb-strict-max-pool is using a max instance size of 64 (per class), which is derived from thread worker pool sizing.
2024-05-14 18:23:04,327 INFO  [org.wildfly.extension.undertow] (ServerService Thread Pool -- 75) WFLYUT0014: Creating file handler for path '/Users/irenalermusiaux/Documents/Etude/ENSEEIHT/S8 M/Appli web/Projet_appliweb/Outils/wildfly-26.1.0.Final/welcome-content' with options [directory-listing: 'false', follow-symlink: 'false', case-sensitive: 'true', safe-symlink-paths: '[]']
2024-05-14 18:23:04,439 INFO  [org.wildfly.extension.undertow] (MSC service thread 1-6) WFLYUT0012: Started server default-server.
2024-05-14 18:23:04,440 INFO  [org.wildfly.extension.undertow] (MSC service thread 1-6) Queuing requests.
2024-05-14 18:23:04,445 INFO  [org.wildfly.extension.undertow] (MSC service thread 1-6) WFLYUT0018: Host default-host starting
2024-05-14 18:23:04,745 INFO  [org.wildfly.extension.undertow] (MSC service thread 1-3) WFLYUT0006: Undertow HTTP listener default listening on 127.0.0.1:8080
2024-05-14 18:23:04,793 INFO  [org.jboss.as.ejb3] (MSC service thread 1-6) WFLYEJB0493: Jakarta Enterprise Beans subsystem suspension complete
2024-05-14 18:23:05,096 INFO  [org.jboss.as.connector.subsystems.datasources] (MSC service thread 1-3) WFLYJCA0001: Bound data source [java:jboss/datasources/ExampleDS]
2024-05-14 18:23:05,190 INFO  [org.wildfly.extension.undertow] (MSC service thread 1-3) WFLYUT0006: Undertow HTTPS listener https listening on 127.0.0.1:8443
2024-05-14 18:23:05,887 INFO  [org.jboss.as.patching] (MSC service thread 1-7) WFLYPAT0050: WildFly Full cumulative patch ID is: base, one-off patches include: none
2024-05-14 18:23:05,910 INFO  [org.jboss.as.server.deployment.scanner] (MSC service thread 1-7) WFLYDS0013: Started FileSystemDeploymentService for directory /Users/irenalermusiaux/Documents/Etude/ENSEEIHT/S8 M/Appli web/Projet_appliweb/Outils/wildfly-26.1.0.Final/standalone/deployments
2024-05-14 18:23:05,966 INFO  [org.jboss.as.server.deployment] (MSC service thread 1-8) WFLYSRV0027: Starting deployment of "sondage.war" (runtime-name: "sondage.war")
2024-05-14 18:23:06,243 INFO  [org.jboss.ws.common.management] (MSC service thread 1-3) JBWS022052: Starting JBossWS 5.4.4.Final (Apache CXF 3.4.5) 
2024-05-14 18:23:10,105 INFO  [org.infinispan.CONTAINER] (ServerService Thread Pool -- 78) ISPN000128: Infinispan version: Infinispan 'Triskaidekaphobia' 13.0.8.Final
2024-05-14 18:23:10,450 INFO  [org.infinispan.CONTAINER] (ServerService Thread Pool -- 78) ISPN000556: Starting user marshaller 'org.wildfly.clustering.infinispan.spi.marshalling.InfinispanProtoStreamMarshaller'
2024-05-14 18:23:12,108 INFO  [org.infinispan.CONFIG] (MSC service thread 1-4) ISPN000152: Passivation configured without an eviction policy being selected. Only manually evicted entities will be passivated.
2024-05-14 18:23:12,110 INFO  [org.infinispan.CONFIG] (MSC service thread 1-4) ISPN000152: Passivation configured without an eviction policy being selected. Only manually evicted entities will be passivated.
2024-05-14 18:23:12,147 INFO  [org.infinispan.CONTAINER] (ServerService Thread Pool -- 78) ISPN000025: wakeUpInterval is <= 0, not starting expired purge thread
2024-05-14 18:23:12,162 INFO  [org.jboss.as.clustering.infinispan] (ServerService Thread Pool -- 78) WFLYCLINF0002: Started http-remoting-connector cache from ejb container
2024-05-14 18:23:12,660 INFO  [org.wildfly.extension.undertow] (ServerService Thread Pool -- 79) WFLYUT0021: Registered web context: '/sondage' for server 'default-server'
2024-05-14 18:23:12,812 INFO  [org.jboss.as.server] (ServerService Thread Pool -- 45) WFLYSRV0010: Deployed "sondage.war" (runtime-name : "sondage.war")
2024-05-14 18:23:12,957 INFO  [org.jboss.as.server] (Controller Boot Thread) WFLYSRV0212: Resuming server
2024-05-14 18:23:12,980 INFO  [org.jboss.as] (Controller Boot Thread) WFLYSRV0025: WildFly Full 26.1.0.Final (WildFly Core 18.1.0.Final) started in 19258ms - Started 399 of 601 services (341 services are lazy, passive or on-demand) - Server configuration file in use: standalone.xml
2024-05-14 18:23:12,993 INFO  [org.jboss.as] (Controller Boot Thread) WFLYSRV0060: Http management interface listening on http://127.0.0.1:9990/management
2024-05-14 18:23:12,993 INFO  [org.jboss.as] (Controller Boot Thread) WFLYSRV0051: Admin console listening on http://127.0.0.1:9990
2024-05-14 18:25:08,312 INFO  [org.jboss.as.repository] (DeploymentScanner-threads - 2) WFLYDR0001: Content added at location /Users/irenalermusiaux/Documents/Etude/ENSEEIHT/S8 M/Appli web/Projet_appliweb/Outils/wildfly-26.1.0.Final/standalone/data/content/e7/3751bc186b5147823b66ca0b84baa122671b49/content
2024-05-14 18:25:08,361 INFO  [org.wildfly.extension.undertow] (ServerService Thread Pool -- 79) WFLYUT0022: Unregistered web context: '/sondage' from server 'default-server'
2024-05-14 18:25:08,468 INFO  [org.jboss.as.server.deployment] (MSC service thread 1-7) WFLYSRV0028: Stopped deployment sondage.war (runtime-name: sondage.war) in 134ms
2024-05-14 18:25:08,485 INFO  [org.jboss.as.server.deployment] (MSC service thread 1-5) WFLYSRV0027: Starting deployment of "sondage.war" (runtime-name: "sondage.war")
2024-05-14 18:25:08,925 INFO  [org.jboss.as.jpa] (MSC service thread 1-5) WFLYJPA0002: Read persistence.xml for MaPU
2024-05-14 18:25:09,018 INFO  [org.jipijapa] (MSC service thread 1-1) JIPIORMV53020253: Second level cache enabled for sondage.war#MaPU
2024-05-14 18:25:09,200 INFO  [org.jipijapa] (MSC service thread 1-8) JIPIORMV53020253: Second level cache enabled for sondage.war#MaPU
2024-05-14 18:25:09,437 INFO  [org.infinispan.CONTAINER] (ServerService Thread Pool -- 82) ISPN000556: Starting user marshaller 'org.wildfly.clustering.infinispan.marshalling.jboss.JBossMarshaller'
2024-05-14 18:25:09,469 INFO  [org.jboss.as.jpa] (ServerService Thread Pool -- 82) WFLYJPA0010: Starting Persistence Unit (phase 1 of 2) Service 'sondage.war#MaPU'
2024-05-14 18:25:09,545 INFO  [org.hibernate.jpa.internal.util.LogHelper] (ServerService Thread Pool -- 82) HHH000204: Processing PersistenceUnitInfo [
	name: MaPU
	...]
2024-05-14 18:25:09,969 INFO  [org.hibernate.Version] (ServerService Thread Pool -- 82) HHH000412: Hibernate Core {5.3.24.Final}
2024-05-14 18:25:09,977 INFO  [org.hibernate.cfg.Environment] (ServerService Thread Pool -- 82) HHH000206: hibernate.properties not found
2024-05-14 18:25:10,933 INFO  [org.hibernate.annotations.common.Version] (ServerService Thread Pool -- 82) HCANN000001: Hibernate Commons Annotations {5.0.5.Final}
2024-05-14 18:25:11,443 INFO  [org.jboss.as.jpa] (ServerService Thread Pool -- 82) WFLYJPA0010: Starting Persistence Unit (phase 2 of 2) Service 'sondage.war#MaPU'
2024-05-14 18:25:12,427 INFO  [org.hibernate.dialect.Dialect] (ServerService Thread Pool -- 82) HHH000400: Using dialect: org.hibernate.dialect.H2Dialect
2024-05-14 18:25:12,684 INFO  [org.hibernate.envers.boot.internal.EnversServiceImpl] (ServerService Thread Pool -- 82) Envers integration enabled? : true
2024-05-14 18:25:13,463 INFO  [org.hibernate.orm.beans] (ServerService Thread Pool -- 82) HHH10005002: No explicit CDI BeanManager reference was passed to Hibernate, but CDI is available on the Hibernate ClassLoader.
2024-05-14 18:25:13,840 INFO  [org.hibernate.tool.schema.internal.SchemaCreatorImpl] (ServerService Thread Pool -- 82) HHH000476: Executing import script 'org.hibernate.tool.schema.internal.exec.ScriptSourceInputNonExistentImpl@45a382ff'
2024-05-14 18:25:13,885 INFO  [org.wildfly.extension.undertow] (ServerService Thread Pool -- 79) WFLYUT0021: Registered web context: '/sondage' for server 'default-server'
2024-05-14 18:25:14,000 INFO  [org.jboss.as.server] (DeploymentScanner-threads - 2) WFLYSRV0016: Replaced deployment "sondage.war" with deployment "sondage.war"
2024-05-14 18:25:14,005 INFO  [org.jboss.as.repository] (DeploymentScanner-threads - 2) WFLYDR0002: Content removed from location /Users/irenalermusiaux/Documents/Etude/ENSEEIHT/S8 M/Appli web/Projet_appliweb/Outils/wildfly-26.1.0.Final/standalone/data/content/f1/ad1eaa1ac23359adbce59a756526c3895f00bd/content
2024-05-14 18:29:09,546 INFO  [org.jboss.as.repository] (DeploymentScanner-threads - 2) WFLYDR0001: Content added at location /Users/irenalermusiaux/Documents/Etude/ENSEEIHT/S8 M/Appli web/Projet_appliweb/Outils/wildfly-26.1.0.Final/standalone/data/content/5d/dab00fa3127b319839315848ee1925f0ad8084/content
2024-05-14 18:29:09,556 INFO  [org.wildfly.extension.undertow] (ServerService Thread Pool -- 79) WFLYUT0022: Unregistered web context: '/sondage' from server 'default-server'
2024-05-14 18:29:09,567 INFO  [org.jboss.as.jpa] (ServerService Thread Pool -- 83) WFLYJPA0011: Stopping Persistence Unit (phase 2 of 2) Service 'sondage.war#MaPU'
2024-05-14 18:29:09,568 INFO  [org.hibernate.tool.schema.internal.SchemaDropperImpl$DelayedDropActionImpl] (ServerService Thread Pool -- 83) HHH000477: Starting delayed evictData of schema as part of SessionFactory shut-down'
2024-05-14 18:29:09,586 INFO  [org.jboss.as.jpa] (ServerService Thread Pool -- 83) WFLYJPA0011: Stopping Persistence Unit (phase 1 of 2) Service 'sondage.war#MaPU'
2024-05-14 18:29:09,621 INFO  [org.jboss.as.server.deployment] (MSC service thread 1-1) WFLYSRV0028: Stopped deployment sondage.war (runtime-name: sondage.war) in 71ms
2024-05-14 18:29:09,648 INFO  [org.jboss.as.server.deployment] (MSC service thread 1-3) WFLYSRV0027: Starting deployment of "sondage.war" (runtime-name: "sondage.war")
2024-05-14 18:29:09,794 INFO  [org.jboss.as.jpa] (MSC service thread 1-3) WFLYJPA0002: Read persistence.xml for MaPU
2024-05-14 18:29:09,839 INFO  [org.jipijapa] (MSC service thread 1-3) JIPIORMV53020253: Second level cache enabled for sondage.war#MaPU
2024-05-14 18:29:09,874 INFO  [org.infinispan.CONTAINER] (ServerService Thread Pool -- 83) ISPN000556: Starting user marshaller 'org.wildfly.clustering.infinispan.marshalling.jboss.JBossMarshaller'
2024-05-14 18:29:09,918 INFO  [org.jboss.as.jpa] (ServerService Thread Pool -- 83) WFLYJPA0010: Starting Persistence Unit (phase 1 of 2) Service 'sondage.war#MaPU'
2024-05-14 18:29:09,918 INFO  [org.hibernate.jpa.internal.util.LogHelper] (ServerService Thread Pool -- 83) HHH000204: Processing PersistenceUnitInfo [
	name: MaPU
	...]
2024-05-14 18:29:09,931 INFO  [org.jipijapa] (MSC service thread 1-3) JIPIORMV53020253: Second level cache enabled for sondage.war#MaPU
2024-05-14 18:29:09,978 INFO  [org.jboss.as.jpa] (ServerService Thread Pool -- 83) WFLYJPA0010: Starting Persistence Unit (phase 2 of 2) Service 'sondage.war#MaPU'
2024-05-14 18:29:09,979 INFO  [org.hibernate.dialect.Dialect] (ServerService Thread Pool -- 83) HHH000400: Using dialect: org.hibernate.dialect.H2Dialect
2024-05-14 18:29:09,985 INFO  [org.hibernate.envers.boot.internal.EnversServiceImpl] (ServerService Thread Pool -- 83) Envers integration enabled? : true
2024-05-14 18:29:10,006 INFO  [org.hibernate.orm.beans] (ServerService Thread Pool -- 83) HHH10005002: No explicit CDI BeanManager reference was passed to Hibernate, but CDI is available on the Hibernate ClassLoader.
2024-05-14 18:29:10,219 INFO  [org.hibernate.tool.schema.internal.SchemaCreatorImpl] (ServerService Thread Pool -- 83) HHH000476: Executing import script 'org.hibernate.tool.schema.internal.exec.ScriptSourceInputNonExistentImpl@45a382ff'
2024-05-14 18:29:10,267 INFO  [org.wildfly.extension.undertow] (ServerService Thread Pool -- 83) WFLYUT0021: Registered web context: '/sondage' for server 'default-server'
2024-05-14 18:29:10,300 INFO  [org.jboss.as.server] (DeploymentScanner-threads - 2) WFLYSRV0016: Replaced deployment "sondage.war" with deployment "sondage.war"
2024-05-14 18:29:10,302 INFO  [org.jboss.as.repository] (DeploymentScanner-threads - 2) WFLYDR0002: Content removed from location /Users/irenalermusiaux/Documents/Etude/ENSEEIHT/S8 M/Appli web/Projet_appliweb/Outils/wildfly-26.1.0.Final/standalone/data/content/e7/3751bc186b5147823b66ca0b84baa122671b49/content
2024-05-14 18:31:00,504 INFO  [org.jboss.as.repository] (DeploymentScanner-threads - 2) WFLYDR0001: Content added at location /Users/irenalermusiaux/Documents/Etude/ENSEEIHT/S8 M/Appli web/Projet_appliweb/Outils/wildfly-26.1.0.Final/standalone/data/content/35/e428c35c5ceafb2bb79c3c807004bf4ae93f9b/content
2024-05-14 18:31:00,514 INFO  [org.wildfly.extension.undertow] (ServerService Thread Pool -- 83) WFLYUT0022: Unregistered web context: '/sondage' from server 'default-server'
2024-05-14 18:31:00,556 INFO  [org.jboss.as.jpa] (ServerService Thread Pool -- 85) WFLYJPA0011: Stopping Persistence Unit (phase 2 of 2) Service 'sondage.war#MaPU'
2024-05-14 18:31:00,556 INFO  [org.hibernate.tool.schema.internal.SchemaDropperImpl$DelayedDropActionImpl] (ServerService Thread Pool -- 85) HHH000477: Starting delayed evictData of schema as part of SessionFactory shut-down'
2024-05-14 18:31:00,581 INFO  [org.jboss.as.jpa] (ServerService Thread Pool -- 85) WFLYJPA0011: Stopping Persistence Unit (phase 1 of 2) Service 'sondage.war#MaPU'
2024-05-14 18:31:00,634 INFO  [org.jboss.as.server.deployment] (MSC service thread 1-4) WFLYSRV0028: Stopped deployment sondage.war (runtime-name: sondage.war) in 124ms
2024-05-14 18:31:00,638 INFO  [org.jboss.as.server.deployment] (MSC service thread 1-6) WFLYSRV0027: Starting deployment of "sondage.war" (runtime-name: "sondage.war")
2024-05-14 18:31:00,796 INFO  [org.jboss.as.jpa] (MSC service thread 1-6) WFLYJPA0002: Read persistence.xml for MaPU
2024-05-14 18:31:00,839 INFO  [org.jipijapa] (MSC service thread 1-8) JIPIORMV53020253: Second level cache enabled for sondage.war#MaPU
2024-05-14 18:31:00,888 INFO  [org.infinispan.CONTAINER] (ServerService Thread Pool -- 85) ISPN000556: Starting user marshaller 'org.wildfly.clustering.infinispan.marshalling.jboss.JBossMarshaller'
2024-05-14 18:31:00,911 INFO  [org.jboss.as.jpa] (ServerService Thread Pool -- 85) WFLYJPA0010: Starting Persistence Unit (phase 1 of 2) Service 'sondage.war#MaPU'
2024-05-14 18:31:00,912 INFO  [org.hibernate.jpa.internal.util.LogHelper] (ServerService Thread Pool -- 85) HHH000204: Processing PersistenceUnitInfo [
	name: MaPU
	...]
2024-05-14 18:31:00,941 INFO  [org.jipijapa] (MSC service thread 1-2) JIPIORMV53020253: Second level cache enabled for sondage.war#MaPU
2024-05-14 18:31:01,031 INFO  [org.jboss.as.jpa] (ServerService Thread Pool -- 85) WFLYJPA0010: Starting Persistence Unit (phase 2 of 2) Service 'sondage.war#MaPU'
2024-05-14 18:31:01,037 INFO  [org.hibernate.dialect.Dialect] (ServerService Thread Pool -- 85) HHH000400: Using dialect: org.hibernate.dialect.H2Dialect
2024-05-14 18:31:01,056 INFO  [org.hibernate.envers.boot.internal.EnversServiceImpl] (ServerService Thread Pool -- 85) Envers integration enabled? : true
2024-05-14 18:31:01,067 INFO  [org.hibernate.orm.beans] (ServerService Thread Pool -- 85) HHH10005002: No explicit CDI BeanManager reference was passed to Hibernate, but CDI is available on the Hibernate ClassLoader.
2024-05-14 18:31:01,110 INFO  [org.hibernate.tool.schema.internal.SchemaCreatorImpl] (ServerService Thread Pool -- 85) HHH000476: Executing import script 'org.hibernate.tool.schema.internal.exec.ScriptSourceInputNonExistentImpl@45a382ff'
2024-05-14 18:31:01,125 INFO  [org.wildfly.extension.undertow] (ServerService Thread Pool -- 84) WFLYUT0021: Registered web context: '/sondage' for server 'default-server'
2024-05-14 18:31:01,151 INFO  [org.jboss.as.server] (DeploymentScanner-threads - 2) WFLYSRV0016: Replaced deployment "sondage.war" with deployment "sondage.war"
2024-05-14 18:31:01,153 INFO  [org.jboss.as.repository] (DeploymentScanner-threads - 2) WFLYDR0002: Content removed from location /Users/irenalermusiaux/Documents/Etude/ENSEEIHT/S8 M/Appli web/Projet_appliweb/Outils/wildfly-26.1.0.Final/standalone/data/content/5d/dab00fa3127b319839315848ee1925f0ad8084/content
2024-05-14 18:32:59,588 INFO  [org.jboss.as.repository] (ServerService Thread Pool -- 41) WFLYDR0009: Content /Users/irenalermusiaux/Documents/Etude/ENSEEIHT/S8 M/Appli web/Projet_appliweb/Outils/wildfly-26.1.0.Final/standalone/data/content/9f/bb0b823c377ceb960cf69da78d77f305808b0f is obsolete and will be removed
2024-05-14 18:32:59,596 INFO  [org.jboss.as.repository] (ServerService Thread Pool -- 41) WFLYDR0002: Content removed from location /Users/irenalermusiaux/Documents/Etude/ENSEEIHT/S8 M/Appli web/Projet_appliweb/Outils/wildfly-26.1.0.Final/standalone/data/content/9f/bb0b823c377ceb960cf69da78d77f305808b0f/content
2024-05-14 18:35:11,668 INFO  [org.jboss.as.repository] (DeploymentScanner-threads - 1) WFLYDR0001: Content added at location /Users/irenalermusiaux/Documents/Etude/ENSEEIHT/S8 M/Appli web/Projet_appliweb/Outils/wildfly-26.1.0.Final/standalone/data/content/bf/c0864e9bcba08c1a3b00c188a39a6e54aa88b4/content
2024-05-14 18:35:11,681 INFO  [org.wildfly.extension.undertow] (ServerService Thread Pool -- 86) WFLYUT0022: Unregistered web context: '/sondage' from server 'default-server'
2024-05-14 18:35:11,684 INFO  [org.jboss.as.jpa] (ServerService Thread Pool -- 86) WFLYJPA0011: Stopping Persistence Unit (phase 2 of 2) Service 'sondage.war#MaPU'
2024-05-14 18:35:11,688 INFO  [org.hibernate.tool.schema.internal.SchemaDropperImpl$DelayedDropActionImpl] (ServerService Thread Pool -- 86) HHH000477: Starting delayed evictData of schema as part of SessionFactory shut-down'
2024-05-14 18:35:11,701 INFO  [org.jboss.as.jpa] (ServerService Thread Pool -- 86) WFLYJPA0011: Stopping Persistence Unit (phase 1 of 2) Service 'sondage.war#MaPU'
2024-05-14 18:35:11,760 INFO  [org.jboss.as.server.deployment] (MSC service thread 1-7) WFLYSRV0028: Stopped deployment sondage.war (runtime-name: sondage.war) in 86ms
2024-05-14 18:35:11,781 INFO  [org.jboss.as.server.deployment] (MSC service thread 1-3) WFLYSRV0027: Starting deployment of "sondage.war" (runtime-name: "sondage.war")
2024-05-14 18:35:11,943 INFO  [org.jboss.as.jpa] (MSC service thread 1-8) WFLYJPA0002: Read persistence.xml for MaPU
2024-05-14 18:35:11,974 INFO  [org.jipijapa] (MSC service thread 1-8) JIPIORMV53020253: Second level cache enabled for sondage.war#MaPU
2024-05-14 18:35:12,000 INFO  [org.infinispan.CONTAINER] (ServerService Thread Pool -- 86) ISPN000556: Starting user marshaller 'org.wildfly.clustering.infinispan.marshalling.jboss.JBossMarshaller'
2024-05-14 18:35:12,053 INFO  [org.jboss.as.jpa] (ServerService Thread Pool -- 86) WFLYJPA0010: Starting Persistence Unit (phase 1 of 2) Service 'sondage.war#MaPU'
2024-05-14 18:35:12,055 INFO  [org.hibernate.jpa.internal.util.LogHelper] (ServerService Thread Pool -- 86) HHH000204: Processing PersistenceUnitInfo [
	name: MaPU
	...]
2024-05-14 18:35:12,089 INFO  [org.jipijapa] (MSC service thread 1-2) JIPIORMV53020253: Second level cache enabled for sondage.war#MaPU
2024-05-14 18:35:12,131 INFO  [org.jboss.as.jpa] (ServerService Thread Pool -- 86) WFLYJPA0010: Starting Persistence Unit (phase 2 of 2) Service 'sondage.war#MaPU'
2024-05-14 18:35:12,133 INFO  [org.hibernate.dialect.Dialect] (ServerService Thread Pool -- 86) HHH000400: Using dialect: org.hibernate.dialect.H2Dialect
2024-05-14 18:35:12,227 INFO  [org.hibernate.envers.boot.internal.EnversServiceImpl] (ServerService Thread Pool -- 86) Envers integration enabled? : true
2024-05-14 18:35:12,239 INFO  [org.hibernate.orm.beans] (ServerService Thread Pool -- 86) HHH10005002: No explicit CDI BeanManager reference was passed to Hibernate, but CDI is available on the Hibernate ClassLoader.
2024-05-14 18:35:12,304 INFO  [org.hibernate.tool.schema.internal.SchemaCreatorImpl] (ServerService Thread Pool -- 86) HHH000476: Executing import script 'org.hibernate.tool.schema.internal.exec.ScriptSourceInputNonExistentImpl@45a382ff'
2024-05-14 18:35:12,321 INFO  [org.wildfly.extension.undertow] (ServerService Thread Pool -- 84) WFLYUT0021: Registered web context: '/sondage' for server 'default-server'
2024-05-14 18:35:12,360 INFO  [org.jboss.as.server] (DeploymentScanner-threads - 1) WFLYSRV0016: Replaced deployment "sondage.war" with deployment "sondage.war"
2024-05-14 18:35:12,362 INFO  [org.jboss.as.repository] (DeploymentScanner-threads - 1) WFLYDR0002: Content removed from location /Users/irenalermusiaux/Documents/Etude/ENSEEIHT/S8 M/Appli web/Projet_appliweb/Outils/wildfly-26.1.0.Final/standalone/data/content/35/e428c35c5ceafb2bb79c3c807004bf4ae93f9b/content
2024-05-14 18:37:47,669 INFO  [org.jboss.as.repository] (DeploymentScanner-threads - 1) WFLYDR0001: Content added at location /Users/irenalermusiaux/Documents/Etude/ENSEEIHT/S8 M/Appli web/Projet_appliweb/Outils/wildfly-26.1.0.Final/standalone/data/content/81/fda1791670e76187532e4c7cdd228140fd1d5d/content
2024-05-14 18:37:47,690 INFO  [org.wildfly.extension.undertow] (ServerService Thread Pool -- 87) WFLYUT0022: Unregistered web context: '/sondage' from server 'default-server'
2024-05-14 18:37:47,703 INFO  [org.jboss.as.jpa] (ServerService Thread Pool -- 84) WFLYJPA0011: Stopping Persistence Unit (phase 2 of 2) Service 'sondage.war#MaPU'
2024-05-14 18:37:47,704 INFO  [org.hibernate.tool.schema.internal.SchemaDropperImpl$DelayedDropActionImpl] (ServerService Thread Pool -- 84) HHH000477: Starting delayed evictData of schema as part of SessionFactory shut-down'
2024-05-14 18:37:47,730 INFO  [org.jboss.as.jpa] (ServerService Thread Pool -- 84) WFLYJPA0011: Stopping Persistence Unit (phase 1 of 2) Service 'sondage.war#MaPU'
2024-05-14 18:37:47,743 INFO  [org.jboss.as.server.deployment] (MSC service thread 1-2) WFLYSRV0028: Stopped deployment sondage.war (runtime-name: sondage.war) in 70ms
2024-05-14 18:37:47,757 INFO  [org.jboss.as.server.deployment] (MSC service thread 1-7) WFLYSRV0027: Starting deployment of "sondage.war" (runtime-name: "sondage.war")
2024-05-14 18:37:47,883 INFO  [org.jboss.as.jpa] (MSC service thread 1-5) WFLYJPA0002: Read persistence.xml for MaPU
2024-05-14 18:37:47,910 INFO  [org.jipijapa] (MSC service thread 1-5) JIPIORMV53020253: Second level cache enabled for sondage.war#MaPU
2024-05-14 18:37:47,932 INFO  [org.infinispan.CONTAINER] (ServerService Thread Pool -- 84) ISPN000556: Starting user marshaller 'org.wildfly.clustering.infinispan.marshalling.jboss.JBossMarshaller'
2024-05-14 18:37:47,989 INFO  [org.jboss.as.jpa] (ServerService Thread Pool -- 84) WFLYJPA0010: Starting Persistence Unit (phase 1 of 2) Service 'sondage.war#MaPU'
2024-05-14 18:37:47,990 INFO  [org.hibernate.jpa.internal.util.LogHelper] (ServerService Thread Pool -- 84) HHH000204: Processing PersistenceUnitInfo [
	name: MaPU
	...]
2024-05-14 18:37:48,006 INFO  [org.jipijapa] (MSC service thread 1-7) JIPIORMV53020253: Second level cache enabled for sondage.war#MaPU
2024-05-14 18:37:48,036 INFO  [org.jboss.as.jpa] (ServerService Thread Pool -- 84) WFLYJPA0010: Starting Persistence Unit (phase 2 of 2) Service 'sondage.war#MaPU'
2024-05-14 18:37:48,037 INFO  [org.hibernate.dialect.Dialect] (ServerService Thread Pool -- 84) HHH000400: Using dialect: org.hibernate.dialect.H2Dialect
2024-05-14 18:37:48,042 INFO  [org.hibernate.envers.boot.internal.EnversServiceImpl] (ServerService Thread Pool -- 84) Envers integration enabled? : true
2024-05-14 18:37:48,048 INFO  [org.hibernate.orm.beans] (ServerService Thread Pool -- 84) HHH10005002: No explicit CDI BeanManager reference was passed to Hibernate, but CDI is available on the Hibernate ClassLoader.
2024-05-14 18:37:48,160 INFO  [org.hibernate.tool.schema.internal.SchemaCreatorImpl] (ServerService Thread Pool -- 84) HHH000476: Executing import script 'org.hibernate.tool.schema.internal.exec.ScriptSourceInputNonExistentImpl@45a382ff'
2024-05-14 18:37:48,179 INFO  [org.wildfly.extension.undertow] (ServerService Thread Pool -- 84) WFLYUT0021: Registered web context: '/sondage' for server 'default-server'
2024-05-14 18:37:48,216 INFO  [org.jboss.as.server] (DeploymentScanner-threads - 1) WFLYSRV0016: Replaced deployment "sondage.war" with deployment "sondage.war"
2024-05-14 18:37:48,220 INFO  [org.jboss.as.repository] (DeploymentScanner-threads - 1) WFLYDR0002: Content removed from location /Users/irenalermusiaux/Documents/Etude/ENSEEIHT/S8 M/Appli web/Projet_appliweb/Outils/wildfly-26.1.0.Final/standalone/data/content/bf/c0864e9bcba08c1a3b00c188a39a6e54aa88b4/content
